[jclark@stormbringer new_graph]$ cat foo.in
a c
a b 1
a c 9
a d 5
b c 8
b d 7
c d 3
[jclark@stormbringer new_graph]$ cat foo.in | ./main
The shortest path from a to c has a distance of 8
a -> d -> c
[jclark@stormbringer new_graph]$ cat bar.in
a d
a f 1
a g 10
a b 3
b g 2
b c 8
c g 3
c d 6
d g 12
d e 14
e g 4
e f 9
g f 5
f b 6
e c 5
[jclark@stormbringer new_graph]$ cat bar.in | ./main
The shortest path from a to d has a distance of 14
a -> b -> g -> c -> d
[jclark@stormbringer new_graph]$ cat baz.in
foo baz
foo bar 6
foo a 14
foo baz 17
foo spam 4
bar a 1
bar baz 5
bar spam 2
a baz 3
a spam 7
baz spam 10
[jclark@stormbringer new_graph]$ cat baz.in | ./main
The shortest path from foo to baz has a distance of 10
foo -> bar -> a -> baz
[jclark@stormbringer new_graph]$
