[jclark@arioch calc]$ make
gcc -Wall -c   -c -o calc.o calc.c
gcc -Wall -c   -c -o stack.o stack.c
gcc -Wall  calc.o stack.o   -o calc
calc.o(.text+0x186): In function `main':
: undefined reference to `powf'
collect2: ld returned 1 exit status
make: *** [calc] Error 1
[jclark@arioch calc]$ vim Makefile
[jclark@arioch calc]$ make
gcc -Wall  calc.o stack.o  -lm -o calc
[jclark@arioch calc]$ ./test.pl calc
printf " 2 3 + 5 *" | ./calc
25.000000
->answer should be 25

printf " 2 3 + 5 * 4 /" | ./calc
6.250000
->answer should be 6.25

printf " 2 3 ^ 5 / 7 -" | ./calc
-5.400000
->answer should be -5.4

printf " 2 3 5 7 ^ / -" | ./calc
1.999962
->answer should be 1.999962

can't divide by zero, exiting
printf " 2 0 /" | ./calc
 -->answer should be ERROR

printf " 2 3 5 * +" | ./calc
17.000000
->answer should be 17

printf " 12 158 16 / -" | ./calc
2.125000
->answer should be 2.125

printf " 2 3 + 5 -" | ./calc
0.000000
->answer should be 0

[jclark@arioch calc]$
